<?xml version="1.0" encoding="UTF-8"?>
<!-- Generated by org.testng.reporters.JUnitXMLReporter -->
<testsuite ignored="0" hostname="LAPTOP-ARCS2SDB" failures="0" tests="7" name="Surefire test" time="120.756" errors="0" timestamp="2024-09-19T09:30:21 GMT-07:00">
  <testcase classname="automationtesting.tests.ErrorValidationsTest" name="loginFailErrorValidation" time="0.766"/>
  <testcase classname="automationtesting.tests.ErrorValidationsTest" name="productErrorValidation" time="16.359"/>
  <testcase classname="automationtesting.tests.ErrorValidationsTest" name="productErrorValidation" time="16.271"/>
  <testcase classname="automationtesting.tests.SubmitOrderTest" name="standAloneTest" time="17.469"/>
  <testcase classname="automationtesting.tests.SubmitOrderTest" name="standAloneTest" time="17.394"/>
  <testcase classname="automationtesting.tests.SubmitOrderTest" name="OrderHistoryTest" time="1.202"/>
  <testcase classname="automationtesting.tests.SubmitOrderTest" name="OrderHistoryTest" time="1.145"/>
</testsuite> <!-- Surefire test -->
