<?xml version="1.0" encoding="UTF-8"?>
<!-- Generated by org.testng.reporters.JUnitXMLReporter -->
<testsuite ignored="0" hostname="LAPTOP-ARCS2SDB" failures="0" tests="3" name="Error Validations" time="40.646" errors="0" timestamp="2024-09-17T11:12:56 GMT-07:00">
  <testcase classname="automationtesting.tests.ErrorValidationsTest" name="loginFailErrorValidation" time="1.437"/>
  <testcase classname="automationtesting.tests.ErrorValidationsTest" name="productErrorValidation" time="16.09"/>
  <testcase classname="automationtesting.tests.ErrorValidationsTest" name="productErrorValidation" time="3.991"/>
</testsuite> <!-- Error Validations -->
