<?xml version="1.0" encoding="UTF-8"?>
<!-- Generated by org.testng.reporters.JUnitXMLReporter -->
<testsuite ignored="0" hostname="LAPTOP-ARCS2SDB" failures="0" tests="4" name="Submit an order" time="62.731" errors="0" timestamp="2024-09-17T11:13:17 GMT-07:00">
  <testcase classname="automationtesting.tests.SubmitOrderTest" name="standAloneTest" time="17.274"/>
  <testcase classname="automationtesting.tests.SubmitOrderTest" name="standAloneTest" time="17.186"/>
  <testcase classname="automationtesting.tests.SubmitOrderTest" name="OrderHistoryTest" time="1.091"/>
  <testcase classname="automationtesting.tests.SubmitOrderTest" name="OrderHistoryTest" time="1.109"/>
</testsuite> <!-- Submit an order -->
