<?xml version="1.0" encoding="UTF-8"?>
<!-- Generated by org.testng.reporters.JUnitXMLReporter -->
<testsuite ignored="0" hostname="LAPTOP-ARCS2SDB" failures="0" tests="3" name="Error Validations" time="55.539" errors="0" timestamp="2024-09-20T11:10:42 GMT-07:00">
  <testcase classname="automationtesting.tests.ErrorValidationsTest" name="loginFailErrorValidation" time="4.988"/>
  <testcase classname="automationtesting.tests.ErrorValidationsTest" name="productErrorValidation" time="10.725"/>
  <testcase classname="automationtesting.tests.ErrorValidationsTest" name="productErrorValidation" time="19.789"/>
</testsuite> <!-- Error Validations -->
