<?xml version="1.0" encoding="UTF-8"?>
<!-- Generated by org.testng.reporters.JUnitXMLReporter -->
<testsuite ignored="0" hostname="LAPTOP-ARCS2SDB" failures="0" tests="4" name="Submit an order" time="64.91" errors="0" timestamp="2024-09-20T11:10:51 GMT-07:00">
  <testcase classname="automationtesting.tests.SubmitOrderTest" name="standAloneTest" time="20.48"/>
  <testcase classname="automationtesting.tests.SubmitOrderTest" name="standAloneTest" time="5.962"/>
  <testcase classname="automationtesting.tests.SubmitOrderTest" name="OrderHistoryTest" time="1.584"/>
  <testcase classname="automationtesting.tests.SubmitOrderTest" name="OrderHistoryTest" time="1.251"/>
</testsuite> <!-- Submit an order -->
