<?xml version="1.0" encoding="UTF-8"?>
<testng-results ignored="0" total="7" passed="7" failed="0" skipped="0">
  <reporter-output>
  </reporter-output>
  <suite started-at="2024-09-20T11:09:46 GMT-07:00" name="Suite" finished-at="2024-09-20T11:10:51 GMT-07:00" duration-ms="64910">
    <groups>
      <group name="ErrorHandling">
        <method signature="ErrorValidationsTest.loginFailErrorValidation()[pri:0, instance:automationtesting.tests.ErrorValidationsTest@38145825]" name="loginFailErrorValidation" class="automationtesting.tests.ErrorValidationsTest"/>
      </group> <!-- ErrorHandling -->
      <group name="Purchase">
        <method signature="SubmitOrderTest.standAloneTest(java.util.HashMap)[pri:0, instance:automationtesting.tests.SubmitOrderTest@536f2a7e]" name="standAloneTest" class="automationtesting.tests.SubmitOrderTest"/>
        <method signature="SubmitOrderTest.OrderHistoryTest(java.util.HashMap)[pri:0, instance:automationtesting.tests.SubmitOrderTest@536f2a7e]" name="OrderHistoryTest" class="automationtesting.tests.SubmitOrderTest"/>
      </group> <!-- Purchase -->
    </groups>
    <test started-at="2024-09-20T11:09:46 GMT-07:00" name="Error Validations" finished-at="2024-09-20T11:10:42 GMT-07:00" duration-ms="55539">
      <class name="automationtesting.tests.ErrorValidationsTest">
        <test-method is-config="true" signature="launchApplication()[pri:0, instance:automationtesting.tests.ErrorValidationsTest@38145825]" started-at="2024-09-20T11:09:46 GMT-07:00" name="launchApplication" finished-at="2024-09-20T11:09:55 GMT-07:00" duration-ms="9004" status="PASS">
          <reporter-output>
          </reporter-output>
        </test-method> <!-- launchApplication -->
        <test-method signature="loginFailErrorValidation()[pri:0, instance:automationtesting.tests.ErrorValidationsTest@38145825]" started-at="2024-09-20T11:09:55 GMT-07:00" name="loginFailErrorValidation" finished-at="2024-09-20T11:10:00 GMT-07:00" duration-ms="4988" status="PASS">
          <reporter-output>
          </reporter-output>
        </test-method> <!-- loginFailErrorValidation -->
        <test-method is-config="true" signature="tearDown()[pri:0, instance:automationtesting.tests.ErrorValidationsTest@38145825]" started-at="2024-09-20T11:10:00 GMT-07:00" name="tearDown" finished-at="2024-09-20T11:10:01 GMT-07:00" duration-ms="492" status="PASS">
          <reporter-output>
          </reporter-output>
        </test-method> <!-- tearDown -->
        <test-method is-config="true" signature="launchApplication()[pri:0, instance:automationtesting.tests.ErrorValidationsTest@38145825]" started-at="2024-09-20T11:10:01 GMT-07:00" name="launchApplication" finished-at="2024-09-20T11:10:05 GMT-07:00" duration-ms="4359" status="PASS">
          <reporter-output>
          </reporter-output>
        </test-method> <!-- launchApplication -->
        <test-method signature="productErrorValidation(java.util.HashMap)[pri:0, instance:automationtesting.tests.ErrorValidationsTest@38145825]" started-at="2024-09-20T11:10:05 GMT-07:00" name="productErrorValidation" data-provider="getData" finished-at="2024-09-20T11:10:16 GMT-07:00" duration-ms="10725" status="PASS">
          <params>
            <param index="0">
              <value>
                <![CDATA[{password=Asdf1234@, email=automationtest1@gmail.com, productName=IPHONE 13 PRO}]]>
              </value>
            </param>
          </params>
          <reporter-output>
          </reporter-output>
        </test-method> <!-- productErrorValidation -->
        <test-method is-config="true" signature="tearDown()[pri:0, instance:automationtesting.tests.ErrorValidationsTest@38145825]" started-at="2024-09-20T11:10:16 GMT-07:00" name="tearDown" finished-at="2024-09-20T11:10:16 GMT-07:00" duration-ms="279" status="PASS">
          <reporter-output>
          </reporter-output>
        </test-method> <!-- tearDown -->
        <test-method is-config="true" signature="launchApplication()[pri:0, instance:automationtesting.tests.ErrorValidationsTest@38145825]" started-at="2024-09-20T11:10:16 GMT-07:00" name="launchApplication" finished-at="2024-09-20T11:10:21 GMT-07:00" duration-ms="4697" status="PASS">
          <reporter-output>
          </reporter-output>
        </test-method> <!-- launchApplication -->
        <test-method signature="productErrorValidation(java.util.HashMap)[pri:0, instance:automationtesting.tests.ErrorValidationsTest@38145825]" started-at="2024-09-20T11:10:21 GMT-07:00" name="productErrorValidation" data-provider="getData" finished-at="2024-09-20T11:10:40 GMT-07:00" duration-ms="19789" status="PASS">
          <params>
            <param index="0">
              <value>
                <![CDATA[{password=Asdf1234@, email=automationtest1@gmail.com, productName=ZARA COAT 3}]]>
              </value>
            </param>
          </params>
          <reporter-output>
          </reporter-output>
        </test-method> <!-- productErrorValidation -->
        <test-method is-config="true" signature="tearDown()[pri:0, instance:automationtesting.tests.ErrorValidationsTest@38145825]" started-at="2024-09-20T11:10:40 GMT-07:00" name="tearDown" finished-at="2024-09-20T11:10:42 GMT-07:00" duration-ms="1100" status="PASS">
          <reporter-output>
          </reporter-output>
        </test-method> <!-- tearDown -->
      </class> <!-- automationtesting.tests.ErrorValidationsTest -->
    </test> <!-- Error Validations -->
    <test started-at="2024-09-20T11:09:46 GMT-07:00" name="Submit an order" finished-at="2024-09-20T11:10:51 GMT-07:00" duration-ms="64910">
      <class name="automationtesting.tests.SubmitOrderTest">
        <test-method is-config="true" signature="launchApplication()[pri:0, instance:automationtesting.tests.SubmitOrderTest@536f2a7e]" started-at="2024-09-20T11:09:47 GMT-07:00" name="launchApplication" finished-at="2024-09-20T11:09:59 GMT-07:00" duration-ms="12409" status="PASS">
          <reporter-output>
          </reporter-output>
        </test-method> <!-- launchApplication -->
        <test-method signature="standAloneTest(java.util.HashMap)[pri:0, instance:automationtesting.tests.SubmitOrderTest@536f2a7e]" started-at="2024-09-20T11:09:59 GMT-07:00" name="standAloneTest" data-provider="getData" finished-at="2024-09-20T11:10:20 GMT-07:00" duration-ms="20480" status="PASS">
          <params>
            <param index="0">
              <value>
                <![CDATA[{password=Asdf1234@, email=automationtest1@gmail.com, productName=IPHONE 13 PRO}]]>
              </value>
            </param>
          </params>
          <reporter-output>
          </reporter-output>
        </test-method> <!-- standAloneTest -->
        <test-method is-config="true" signature="tearDown()[pri:0, instance:automationtesting.tests.SubmitOrderTest@536f2a7e]" started-at="2024-09-20T11:10:20 GMT-07:00" name="tearDown" finished-at="2024-09-20T11:10:20 GMT-07:00" duration-ms="417" status="PASS">
          <reporter-output>
          </reporter-output>
        </test-method> <!-- tearDown -->
        <test-method is-config="true" signature="launchApplication()[pri:0, instance:automationtesting.tests.SubmitOrderTest@536f2a7e]" started-at="2024-09-20T11:10:20 GMT-07:00" name="launchApplication" finished-at="2024-09-20T11:10:28 GMT-07:00" duration-ms="7729" status="PASS">
          <reporter-output>
          </reporter-output>
        </test-method> <!-- launchApplication -->
        <test-method signature="standAloneTest(java.util.HashMap)[pri:0, instance:automationtesting.tests.SubmitOrderTest@536f2a7e]" started-at="2024-09-20T11:10:28 GMT-07:00" name="standAloneTest" data-provider="getData" finished-at="2024-09-20T11:10:34 GMT-07:00" duration-ms="5962" status="PASS">
          <params>
            <param index="0">
              <value>
                <![CDATA[{password=Asdf1234@, email=automationtest1@gmail.com, productName=ZARA COAT 3}]]>
              </value>
            </param>
          </params>
          <reporter-output>
          </reporter-output>
        </test-method> <!-- standAloneTest -->
        <test-method is-config="true" signature="tearDown()[pri:0, instance:automationtesting.tests.SubmitOrderTest@536f2a7e]" started-at="2024-09-20T11:10:34 GMT-07:00" name="tearDown" finished-at="2024-09-20T11:10:34 GMT-07:00" duration-ms="348" status="PASS">
          <reporter-output>
          </reporter-output>
        </test-method> <!-- tearDown -->
        <test-method is-config="true" signature="launchApplication()[pri:0, instance:automationtesting.tests.SubmitOrderTest@536f2a7e]" started-at="2024-09-20T11:10:34 GMT-07:00" name="launchApplication" finished-at="2024-09-20T11:10:41 GMT-07:00" duration-ms="7242" status="PASS">
          <reporter-output>
          </reporter-output>
        </test-method> <!-- launchApplication -->
        <test-method signature="OrderHistoryTest(java.util.HashMap)[pri:0, instance:automationtesting.tests.SubmitOrderTest@536f2a7e]" started-at="2024-09-20T11:10:41 GMT-07:00" name="OrderHistoryTest" data-provider="getData" finished-at="2024-09-20T11:10:43 GMT-07:00" depends-on-methods="automationtesting.tests.SubmitOrderTest.standAloneTest" duration-ms="1584" status="PASS">
          <params>
            <param index="0">
              <value>
                <![CDATA[{password=Asdf1234@, email=automationtest1@gmail.com, productName=IPHONE 13 PRO}]]>
              </value>
            </param>
          </params>
          <reporter-output>
          </reporter-output>
        </test-method> <!-- OrderHistoryTest -->
        <test-method is-config="true" signature="tearDown()[pri:0, instance:automationtesting.tests.SubmitOrderTest@536f2a7e]" started-at="2024-09-20T11:10:43 GMT-07:00" name="tearDown" finished-at="2024-09-20T11:10:43 GMT-07:00" duration-ms="187" status="PASS">
          <reporter-output>
          </reporter-output>
        </test-method> <!-- tearDown -->
        <test-method is-config="true" signature="launchApplication()[pri:0, instance:automationtesting.tests.SubmitOrderTest@536f2a7e]" started-at="2024-09-20T11:10:43 GMT-07:00" name="launchApplication" finished-at="2024-09-20T11:10:50 GMT-07:00" duration-ms="6587" status="PASS">
          <reporter-output>
          </reporter-output>
        </test-method> <!-- launchApplication -->
        <test-method signature="OrderHistoryTest(java.util.HashMap)[pri:0, instance:automationtesting.tests.SubmitOrderTest@536f2a7e]" started-at="2024-09-20T11:10:50 GMT-07:00" name="OrderHistoryTest" data-provider="getData" finished-at="2024-09-20T11:10:51 GMT-07:00" depends-on-methods="automationtesting.tests.SubmitOrderTest.standAloneTest" duration-ms="1251" status="PASS">
          <params>
            <param index="0">
              <value>
                <![CDATA[{password=Asdf1234@, email=automationtest1@gmail.com, productName=ZARA COAT 3}]]>
              </value>
            </param>
          </params>
          <reporter-output>
          </reporter-output>
        </test-method> <!-- OrderHistoryTest -->
        <test-method is-config="true" signature="tearDown()[pri:0, instance:automationtesting.tests.SubmitOrderTest@536f2a7e]" started-at="2024-09-20T11:10:51 GMT-07:00" name="tearDown" finished-at="2024-09-20T11:10:51 GMT-07:00" duration-ms="125" status="PASS">
          <reporter-output>
          </reporter-output>
        </test-method> <!-- tearDown -->
      </class> <!-- automationtesting.tests.SubmitOrderTest -->
    </test> <!-- Submit an order -->
  </suite> <!-- Suite -->
</testng-results>
