<?xml version="1.0" encoding="UTF-8"?>
<testng-results ignored="0" total="7" passed="7" failed="0" skipped="0">
  <reporter-output>
  </reporter-output>
  <suite started-at="2024-09-17T11:12:15 GMT-07:00" name="Suite" finished-at="2024-09-17T11:13:17 GMT-07:00" duration-ms="62731">
    <groups>
      <group name="ErrorHandling">
        <method signature="ErrorValidationsTest.loginFailErrorValidation()[pri:0, instance:automationtesting.tests.ErrorValidationsTest@4bbf6d0e]" name="loginFailErrorValidation" class="automationtesting.tests.ErrorValidationsTest"/>
      </group> <!-- ErrorHandling -->
      <group name="Purchase">
        <method signature="SubmitOrderTest.standAloneTest(java.util.HashMap)[pri:0, instance:automationtesting.tests.SubmitOrderTest@415b0b49]" name="standAloneTest" class="automationtesting.tests.SubmitOrderTest"/>
        <method signature="SubmitOrderTest.OrderHistoryTest(java.util.HashMap)[pri:0, instance:automationtesting.tests.SubmitOrderTest@415b0b49]" name="OrderHistoryTest" class="automationtesting.tests.SubmitOrderTest"/>
      </group> <!-- Purchase -->
    </groups>
    <test started-at="2024-09-17T11:12:15 GMT-07:00" name="Error Validations" finished-at="2024-09-17T11:12:55 GMT-07:00" duration-ms="40646">
      <class name="automationtesting.tests.ErrorValidationsTest">
        <test-method is-config="true" signature="launchApplication()[pri:0, instance:automationtesting.tests.ErrorValidationsTest@4bbf6d0e]" started-at="2024-09-17T11:12:15 GMT-07:00" name="launchApplication" finished-at="2024-09-17T11:12:21 GMT-07:00" duration-ms="6653" status="PASS">
          <reporter-output>
          </reporter-output>
        </test-method> <!-- launchApplication -->
        <test-method signature="loginFailErrorValidation()[pri:0, instance:automationtesting.tests.ErrorValidationsTest@4bbf6d0e]" started-at="2024-09-17T11:12:21 GMT-07:00" name="loginFailErrorValidation" finished-at="2024-09-17T11:12:23 GMT-07:00" duration-ms="1437" status="PASS">
          <reporter-output>
          </reporter-output>
        </test-method> <!-- loginFailErrorValidation -->
        <test-method is-config="true" signature="tearDown()[pri:0, instance:automationtesting.tests.ErrorValidationsTest@4bbf6d0e]" started-at="2024-09-17T11:12:23 GMT-07:00" name="tearDown" finished-at="2024-09-17T11:12:23 GMT-07:00" duration-ms="195" status="PASS">
          <reporter-output>
          </reporter-output>
        </test-method> <!-- tearDown -->
        <test-method is-config="true" signature="launchApplication()[pri:0, instance:automationtesting.tests.ErrorValidationsTest@4bbf6d0e]" started-at="2024-09-17T11:12:23 GMT-07:00" name="launchApplication" finished-at="2024-09-17T11:12:29 GMT-07:00" duration-ms="5890" status="PASS">
          <reporter-output>
          </reporter-output>
        </test-method> <!-- launchApplication -->
        <test-method signature="productErrorValidation(java.util.HashMap)[pri:0, instance:automationtesting.tests.ErrorValidationsTest@4bbf6d0e]" started-at="2024-09-17T11:12:29 GMT-07:00" name="productErrorValidation" data-provider="getData" finished-at="2024-09-17T11:12:45 GMT-07:00" duration-ms="16090" status="PASS">
          <params>
            <param index="0">
              <value>
                <![CDATA[{password=Asdf1234@, email=automationtest1@gmail.com, productName=IPHONE 13 PRO}]]>
              </value>
            </param>
          </params>
          <reporter-output>
          </reporter-output>
        </test-method> <!-- productErrorValidation -->
        <test-method is-config="true" signature="tearDown()[pri:0, instance:automationtesting.tests.ErrorValidationsTest@4bbf6d0e]" started-at="2024-09-17T11:12:45 GMT-07:00" name="tearDown" finished-at="2024-09-17T11:12:45 GMT-07:00" duration-ms="113" status="PASS">
          <reporter-output>
          </reporter-output>
        </test-method> <!-- tearDown -->
        <test-method is-config="true" signature="launchApplication()[pri:0, instance:automationtesting.tests.ErrorValidationsTest@4bbf6d0e]" started-at="2024-09-17T11:12:45 GMT-07:00" name="launchApplication" finished-at="2024-09-17T11:12:51 GMT-07:00" duration-ms="6022" status="PASS">
          <reporter-output>
          </reporter-output>
        </test-method> <!-- launchApplication -->
        <test-method signature="productErrorValidation(java.util.HashMap)[pri:0, instance:automationtesting.tests.ErrorValidationsTest@4bbf6d0e]" started-at="2024-09-17T11:12:51 GMT-07:00" name="productErrorValidation" data-provider="getData" finished-at="2024-09-17T11:12:55 GMT-07:00" duration-ms="3991" status="PASS">
          <params>
            <param index="0">
              <value>
                <![CDATA[{password=Asdf1234@, email=automationtest1@gmail.com, productName=ZARA COAT 3}]]>
              </value>
            </param>
          </params>
          <reporter-output>
          </reporter-output>
        </test-method> <!-- productErrorValidation -->
        <test-method is-config="true" signature="tearDown()[pri:0, instance:automationtesting.tests.ErrorValidationsTest@4bbf6d0e]" started-at="2024-09-17T11:12:55 GMT-07:00" name="tearDown" finished-at="2024-09-17T11:12:55 GMT-07:00" duration-ms="172" status="PASS">
          <reporter-output>
          </reporter-output>
        </test-method> <!-- tearDown -->
      </class> <!-- automationtesting.tests.ErrorValidationsTest -->
    </test> <!-- Error Validations -->
    <test started-at="2024-09-17T11:12:15 GMT-07:00" name="Submit an order" finished-at="2024-09-17T11:13:17 GMT-07:00" duration-ms="62731">
      <class name="automationtesting.tests.SubmitOrderTest">
        <test-method is-config="true" signature="launchApplication()[pri:0, instance:automationtesting.tests.SubmitOrderTest@415b0b49]" started-at="2024-09-17T11:12:15 GMT-07:00" name="launchApplication" finished-at="2024-09-17T11:12:21 GMT-07:00" duration-ms="6501" status="PASS">
          <reporter-output>
          </reporter-output>
        </test-method> <!-- launchApplication -->
        <test-method signature="standAloneTest(java.util.HashMap)[pri:0, instance:automationtesting.tests.SubmitOrderTest@415b0b49]" started-at="2024-09-17T11:12:21 GMT-07:00" name="standAloneTest" data-provider="getData" finished-at="2024-09-17T11:12:39 GMT-07:00" duration-ms="17274" status="PASS">
          <params>
            <param index="0">
              <value>
                <![CDATA[{password=Asdf1234@, email=automationtest1@gmail.com, productName=IPHONE 13 PRO}]]>
              </value>
            </param>
          </params>
          <reporter-output>
          </reporter-output>
        </test-method> <!-- standAloneTest -->
        <test-method is-config="true" signature="tearDown()[pri:0, instance:automationtesting.tests.SubmitOrderTest@415b0b49]" started-at="2024-09-17T11:12:39 GMT-07:00" name="tearDown" finished-at="2024-09-17T11:12:39 GMT-07:00" duration-ms="160" status="PASS">
          <reporter-output>
          </reporter-output>
        </test-method> <!-- tearDown -->
        <test-method is-config="true" signature="launchApplication()[pri:0, instance:automationtesting.tests.SubmitOrderTest@415b0b49]" started-at="2024-09-17T11:12:39 GMT-07:00" name="launchApplication" finished-at="2024-09-17T11:12:46 GMT-07:00" duration-ms="7291" status="PASS">
          <reporter-output>
          </reporter-output>
        </test-method> <!-- launchApplication -->
        <test-method signature="standAloneTest(java.util.HashMap)[pri:0, instance:automationtesting.tests.SubmitOrderTest@415b0b49]" started-at="2024-09-17T11:12:46 GMT-07:00" name="standAloneTest" data-provider="getData" finished-at="2024-09-17T11:13:03 GMT-07:00" duration-ms="17186" status="PASS">
          <params>
            <param index="0">
              <value>
                <![CDATA[{password=Asdf1234@, email=automationtest1@gmail.com, productName=ZARA COAT 3}]]>
              </value>
            </param>
          </params>
          <reporter-output>
          </reporter-output>
        </test-method> <!-- standAloneTest -->
        <test-method is-config="true" signature="tearDown()[pri:0, instance:automationtesting.tests.SubmitOrderTest@415b0b49]" started-at="2024-09-17T11:13:03 GMT-07:00" name="tearDown" finished-at="2024-09-17T11:13:03 GMT-07:00" duration-ms="205" status="PASS">
          <reporter-output>
          </reporter-output>
        </test-method> <!-- tearDown -->
        <test-method is-config="true" signature="launchApplication()[pri:0, instance:automationtesting.tests.SubmitOrderTest@415b0b49]" started-at="2024-09-17T11:13:03 GMT-07:00" name="launchApplication" finished-at="2024-09-17T11:13:09 GMT-07:00" duration-ms="5732" status="PASS">
          <reporter-output>
          </reporter-output>
        </test-method> <!-- launchApplication -->
        <test-method signature="OrderHistoryTest(java.util.HashMap)[pri:0, instance:automationtesting.tests.SubmitOrderTest@415b0b49]" started-at="2024-09-17T11:13:09 GMT-07:00" name="OrderHistoryTest" data-provider="getData" finished-at="2024-09-17T11:13:10 GMT-07:00" depends-on-methods="automationtesting.tests.SubmitOrderTest.standAloneTest" duration-ms="1091" status="PASS">
          <params>
            <param index="0">
              <value>
                <![CDATA[{password=Asdf1234@, email=automationtest1@gmail.com, productName=IPHONE 13 PRO}]]>
              </value>
            </param>
          </params>
          <reporter-output>
          </reporter-output>
        </test-method> <!-- OrderHistoryTest -->
        <test-method is-config="true" signature="tearDown()[pri:0, instance:automationtesting.tests.SubmitOrderTest@415b0b49]" started-at="2024-09-17T11:13:10 GMT-07:00" name="tearDown" finished-at="2024-09-17T11:13:10 GMT-07:00" duration-ms="190" status="PASS">
          <reporter-output>
          </reporter-output>
        </test-method> <!-- tearDown -->
        <test-method is-config="true" signature="launchApplication()[pri:0, instance:automationtesting.tests.SubmitOrderTest@415b0b49]" started-at="2024-09-17T11:13:10 GMT-07:00" name="launchApplication" finished-at="2024-09-17T11:13:16 GMT-07:00" duration-ms="5572" status="PASS">
          <reporter-output>
          </reporter-output>
        </test-method> <!-- launchApplication -->
        <test-method signature="OrderHistoryTest(java.util.HashMap)[pri:0, instance:automationtesting.tests.SubmitOrderTest@415b0b49]" started-at="2024-09-17T11:13:16 GMT-07:00" name="OrderHistoryTest" data-provider="getData" finished-at="2024-09-17T11:13:17 GMT-07:00" depends-on-methods="automationtesting.tests.SubmitOrderTest.standAloneTest" duration-ms="1109" status="PASS">
          <params>
            <param index="0">
              <value>
                <![CDATA[{password=Asdf1234@, email=automationtest1@gmail.com, productName=ZARA COAT 3}]]>
              </value>
            </param>
          </params>
          <reporter-output>
          </reporter-output>
        </test-method> <!-- OrderHistoryTest -->
        <test-method is-config="true" signature="tearDown()[pri:0, instance:automationtesting.tests.SubmitOrderTest@415b0b49]" started-at="2024-09-17T11:13:17 GMT-07:00" name="tearDown" finished-at="2024-09-17T11:13:17 GMT-07:00" duration-ms="194" status="PASS">
          <reporter-output>
          </reporter-output>
        </test-method> <!-- tearDown -->
      </class> <!-- automationtesting.tests.SubmitOrderTest -->
    </test> <!-- Submit an order -->
  </suite> <!-- Suite -->
</testng-results>
